app/build/intermediates/manifest_merge_blame_file/debug/manifest-merger-blame-debug-report.txt
1<?xml version="1.0" encoding="utf-8"?>
2<manifest xmlns:android="http://schemas.android.com/apk/res/android"
3    package="com.gadies.suzuki"
4    android:versionCode="1"
5    android:versionName="1.0" >
6
7    <uses-sdk
8        android:minSdkVersion="21"
9        android:targetSdkVersion="34" />
10
11    <!-- OBD2 Bluetooth & WiFi Permissions -->
12    <uses-permission
12-->src\main\AndroidManifest.xml:6:5-95
13        android:name="android.permission.BLUETOOTH"
13-->src\main\AndroidManifest.xml:6:22-65
14        android:maxSdkVersion="30" />
14-->src\main\AndroidManifest.xml:6:66-92
15    <uses-permission
15-->src\main\AndroidManifest.xml:7:5-101
16        android:name="android.permission.BLUETOOTH_ADMIN"
16-->src\main\AndroidManifest.xml:7:22-71
17        android:maxSdkVersion="30" />
17-->src\main\AndroidManifest.xml:7:72-98
18    <uses-permission android:name="android.permission.BLUETOOTH_CONNECT" />
18-->src\main\AndroidManifest.xml:8:5-76
18-->src\main\AndroidManifest.xml:8:22-73
19    <uses-permission android:name="android.permission.BLUETOOTH_SCAN" />
19-->src\main\AndroidManifest.xml:9:5-73
19-->src\main\AndroidManifest.xml:9:22-70
20    <uses-permission android:name="android.permission.ACCESS_FINE_LOCATION" />
20-->src\main\AndroidManifest.xml:10:5-79
20-->src\main\AndroidManifest.xml:10:22-76
21    <uses-permission android:name="android.permission.ACCESS_COARSE_LOCATION" />
21-->src\main\AndroidManifest.xml:11:5-81
21-->src\main\AndroidManifest.xml:11:22-78
22    <uses-permission android:name="android.permission.INTERNET" />
22-->src\main\AndroidManifest.xml:12:5-67
22-->src\main\AndroidManifest.xml:12:22-64
23    <uses-permission android:name="android.permission.ACCESS_NETWORK_STATE" />
23-->src\main\AndroidManifest.xml:13:5-79
23-->src\main\AndroidManifest.xml:13:22-76
24    <uses-permission android:name="android.permission.ACCESS_WIFI_STATE" />
24-->src\main\AndroidManifest.xml:14:5-76
24-->src\main\AndroidManifest.xml:14:22-73
25    <uses-permission android:name="android.permission.CHANGE_WIFI_STATE" />
25-->src\main\AndroidManifest.xml:15:5-76
25-->src\main\AndroidManifest.xml:15:22-73
26
27    <!-- Notifications -->
28    <uses-permission android:name="android.permission.POST_NOTIFICATIONS" />
28-->src\main\AndroidManifest.xml:18:5-77
28-->src\main\AndroidManifest.xml:18:22-74
29    <uses-permission android:name="android.permission.VIBRATE" />
29-->src\main\AndroidManifest.xml:19:5-66
29-->src\main\AndroidManifest.xml:19:22-63
30
31    <!-- Wake lock for continuous monitoring -->
32    <uses-permission android:name="android.permission.WAKE_LOCK" />
32-->src\main\AndroidManifest.xml:22:5-68
32-->src\main\AndroidManifest.xml:22:22-65
33
34    <!-- Foreground service for background OBD monitoring -->
35    <uses-permission android:name="android.permission.FOREGROUND_SERVICE" />
35-->src\main\AndroidManifest.xml:25:5-77
35-->src\main\AndroidManifest.xml:25:22-74
36
37    <permission
37-->[androidx.core:core:1.12.0] AndroidManifest.xml:22:5-24:47
38        android:name="com.gadies.suzuki.DYNAMIC_RECEIVER_NOT_EXPORTED_PERMISSION"
38-->[androidx.core:core:1.12.0] AndroidManifest.xml:23:9-81
39        android:protectionLevel="signature" />
39-->[androidx.core:core:1.12.0] AndroidManifest.xml:24:9-44
40
41    <uses-permission android:name="com.gadies.suzuki.DYNAMIC_RECEIVER_NOT_EXPORTED_PERMISSION" />
41-->[androidx.core:core:1.12.0] AndroidManifest.xml:26:5-97
41-->[androidx.core:core:1.12.0] AndroidManifest.xml:26:22-94
42
43    <application
43-->src\main\AndroidManifest.xml:27:5-63:19
44        android:name="com.gadies.suzuki.GadiesApplication"
44-->src\main\AndroidManifest.xml:28:9-42
45        android:allowBackup="true"
45-->src\main\AndroidManifest.xml:29:9-35
46        android:appComponentFactory="androidx.core.app.CoreComponentFactory"
46-->[androidx.core:core:1.12.0] AndroidManifest.xml:28:18-86
47        android:dataExtractionRules="@xml/data_extraction_rules"
47-->src\main\AndroidManifest.xml:30:9-65
48        android:debuggable="true"
49        android:enableOnBackInvokedCallback="true"
49-->src\main\AndroidManifest.xml:37:9-51
50        android:extractNativeLibs="true"
51        android:fullBackupContent="@xml/backup_rules"
51-->src\main\AndroidManifest.xml:31:9-54
52        android:icon="@mipmap/ic_launcher"
52-->src\main\AndroidManifest.xml:32:9-43
53        android:label="@string/app_name"
53-->src\main\AndroidManifest.xml:33:9-41
54        android:roundIcon="@mipmap/ic_launcher_round"
54-->src\main\AndroidManifest.xml:34:9-54
55        android:supportsRtl="true"
55-->src\main\AndroidManifest.xml:35:9-35
56        android:theme="@style/Theme.GADIES" >
56-->src\main\AndroidManifest.xml:36:9-44
57        <activity
57-->src\main\AndroidManifest.xml:40:9-50:20
58            android:name="com.gadies.suzuki.MainActivity"
58-->src\main\AndroidManifest.xml:41:13-41
59            android:exported="true"
59-->src\main\AndroidManifest.xml:42:13-36
60            android:label="@string/app_name"
60-->src\main\AndroidManifest.xml:43:13-45
61            android:screenOrientation="portrait"
61-->src\main\AndroidManifest.xml:45:13-49
62            android:theme="@style/Theme.GADIES" >
62-->src\main\AndroidManifest.xml:44:13-48
63            <intent-filter>
63-->src\main\AndroidManifest.xml:46:13-49:29
64                <action android:name="android.intent.action.MAIN" />
64-->src\main\AndroidManifest.xml:47:17-69
64-->src\main\AndroidManifest.xml:47:25-66
65
66                <category android:name="android.intent.category.LAUNCHER" />
66-->src\main\AndroidManifest.xml:48:17-77
66-->src\main\AndroidManifest.xml:48:27-74
67            </intent-filter>
68        </activity>
69
70        <!-- OBD Service for background monitoring -->
71        <service
71-->src\main\AndroidManifest.xml:53:9-56:40
72            android:name="com.gadies.suzuki.service.ObdService"
72-->src\main\AndroidManifest.xml:54:13-47
73            android:enabled="true"
73-->src\main\AndroidManifest.xml:55:13-35
74            android:exported="false" />
74-->src\main\AndroidManifest.xml:56:13-37
75
76        <!-- Notification Service -->
77        <service
77-->src\main\AndroidManifest.xml:59:9-62:40
78            android:name="com.gadies.suzuki.service.NotificationService"
78-->src\main\AndroidManifest.xml:60:13-56
79            android:enabled="true"
79-->src\main\AndroidManifest.xml:61:13-35
80            android:exported="false" />
80-->src\main\AndroidManifest.xml:62:13-37
81
82        <provider
82-->[androidx.emoji2:emoji2:1.4.0] AndroidManifest.xml:24:9-32:20
83            android:name="androidx.startup.InitializationProvider"
83-->[androidx.emoji2:emoji2:1.4.0] AndroidManifest.xml:25:13-67
84            android:authorities="com.gadies.suzuki.androidx-startup"
84-->[androidx.emoji2:emoji2:1.4.0] AndroidManifest.xml:26:13-68
85            android:exported="false" >
85-->[androidx.emoji2:emoji2:1.4.0] AndroidManifest.xml:27:13-37
86            <meta-data
86-->[androidx.emoji2:emoji2:1.4.0] AndroidManifest.xml:29:13-31:52
87                android:name="androidx.emoji2.text.EmojiCompatInitializer"
87-->[androidx.emoji2:emoji2:1.4.0] AndroidManifest.xml:30:17-75
88                android:value="androidx.startup" />
88-->[androidx.emoji2:emoji2:1.4.0] AndroidManifest.xml:31:17-49
89            <meta-data
89-->[androidx.lifecycle:lifecycle-process:2.7.0] AndroidManifest.xml:29:13-31:52
90                android:name="androidx.lifecycle.ProcessLifecycleInitializer"
90-->[androidx.lifecycle:lifecycle-process:2.7.0] AndroidManifest.xml:30:17-78
91                android:value="androidx.startup" />
91-->[androidx.lifecycle:lifecycle-process:2.7.0] AndroidManifest.xml:31:17-49
92            <meta-data
92-->[androidx.profileinstaller:profileinstaller:1.3.0] AndroidManifest.xml:29:13-31:52
93                android:name="androidx.profileinstaller.ProfileInstallerInitializer"
93-->[androidx.profileinstaller:profileinstaller:1.3.0] AndroidManifest.xml:30:17-85
94                android:value="androidx.startup" />
94-->[androidx.profileinstaller:profileinstaller:1.3.0] AndroidManifest.xml:31:17-49
95        </provider>
96
97        <activity
97-->[androidx.compose.ui:ui-tooling-android:1.5.4] AndroidManifest.xml:23:9-25:39
98            android:name="androidx.compose.ui.tooling.PreviewActivity"
98-->[androidx.compose.ui:ui-tooling-android:1.5.4] AndroidManifest.xml:24:13-71
99            android:exported="true" />
99-->[androidx.compose.ui:ui-tooling-android:1.5.4] AndroidManifest.xml:25:13-36
100
101        <receiver
101-->[androidx.profileinstaller:profileinstaller:1.3.0] AndroidManifest.xml:34:9-52:20
102            android:name="androidx.profileinstaller.ProfileInstallReceiver"
102-->[androidx.profileinstaller:profileinstaller:1.3.0] AndroidManifest.xml:35:13-76
103            android:directBootAware="false"
103-->[androidx.profileinstaller:profileinstaller:1.3.0] AndroidManifest.xml:36:13-44
104            android:enabled="true"
104-->[androidx.profileinstaller:profileinstaller:1.3.0] AndroidManifest.xml:37:13-35
105            android:exported="true"
105-->[androidx.profileinstaller:profileinstaller:1.3.0] AndroidManifest.xml:38:13-36
106            android:permission="android.permission.DUMP" >
106-->[androidx.profileinstaller:profileinstaller:1.3.0] AndroidManifest.xml:39:13-57
107            <intent-filter>
107-->[androidx.profileinstaller:profileinstaller:1.3.0] AndroidManifest.xml:40:13-42:29
108                <action android:name="androidx.profileinstaller.action.INSTALL_PROFILE" />
108-->[androidx.profileinstaller:profileinstaller:1.3.0] AndroidManifest.xml:41:17-91
108-->[androidx.profileinstaller:profileinstaller:1.3.0] AndroidManifest.xml:41:25-88
109            </intent-filter>
110            <intent-filter>
110-->[androidx.profileinstaller:profileinstaller:1.3.0] AndroidManifest.xml:43:13-45:29
111                <action android:name="androidx.profileinstaller.action.SKIP_FILE" />
111-->[androidx.profileinstaller:profileinstaller:1.3.0] AndroidManifest.xml:44:17-85
111-->[androidx.profileinstaller:profileinstaller:1.3.0] AndroidManifest.xml:44:25-82
112            </intent-filter>
113            <intent-filter>
113-->[androidx.profileinstaller:profileinstaller:1.3.0] AndroidManifest.xml:46:13-48:29
114                <action android:name="androidx.profileinstaller.action.SAVE_PROFILE" />
114-->[androidx.profileinstaller:profileinstaller:1.3.0] AndroidManifest.xml:47:17-88
114-->[androidx.profileinstaller:profileinstaller:1.3.0] AndroidManifest.xml:47:25-85
115            </intent-filter>
116            <intent-filter>
116-->[androidx.profileinstaller:profileinstaller:1.3.0] AndroidManifest.xml:49:13-51:29
117                <action android:name="androidx.profileinstaller.action.BENCHMARK_OPERATION" />
117-->[androidx.profileinstaller:profileinstaller:1.3.0] AndroidManifest.xml:50:17-95
117-->[androidx.profileinstaller:profileinstaller:1.3.0] AndroidManifest.xml:50:25-92
118            </intent-filter>
119        </receiver>
120    </application>
121
122</manifest>